<2023-01-28 13:48:45,670> :SOEServer: [INFO] Initializing server...
<2023-01-28 13:48:45,689> :SOEConnectionManager: [INFO] Service constructed
<2023-01-28 13:48:45,692> :SOEProtocol: [INFO] Service constructed
<2023-01-28 13:48:45,697> :SOEProtocol: [INFO] Using protocol -- CGAPI_527
<2023-01-28 13:48:45,697> :SOERoleManager: [INFO] Service constructed
<2023-01-28 13:48:45,701> :SOERoleManager: [INFO] Loading role: 'Gateway.dll'...
<2023-01-28 13:48:45,720> :Gateway: [INFO] Constructing gateway...
<2023-01-28 13:48:45,722> :LoginManager: [INFO] Service constructed
<2023-01-28 13:48:45,871> :Gateway: [INFO] Finished constructing gateway!
<2023-01-28 13:48:46,173> :SOEServer: [INFO] Finished initiating server!
<2023-01-28 13:48:46,176> :SOEServer: [INFO] Starting server threads...
<2023-01-28 13:48:46,182> :SOEServer: [INFO] Started listening!
<2023-01-28 13:49:01,706> :SOEConnectionManager: [INFO] New client connection from 10.0.0.199, (ID: 0)
<2023-01-28 13:49:01,740> :LoginManager: [INFO] Login Request from 10.0.0.199: - Ticket: Groax - GUID: 3
<2023-01-28 13:49:12,025> :LoginManager: [INFO] Local Time: 1/28/2023 6:49:12 PM +00:00 Server Time: 1674931752 Cycle: 0
<2023-01-28 13:49:23,018> :LoginManager: [INFO] Local Time: 1/28/2023 6:49:23 PM +00:00 Server Time: 1674931763 Cycle: 0
<2023-01-28 13:49:34,016> :LoginManager: [INFO] Local Time: 1/28/2023 6:49:34 PM +00:00 Server Time: 1674931774 Cycle: 0
<2023-01-28 13:49:45,014> :LoginManager: [INFO] Local Time: 1/28/2023 6:49:45 PM +00:00 Server Time: 1674931785 Cycle: 0
<2023-01-28 13:49:56,018> :LoginManager: [INFO] Local Time: 1/28/2023 6:49:56 PM +00:00 Server Time: 1674931796 Cycle: 0
<2023-01-28 13:50:07,021> :LoginManager: [INFO] Local Time: 1/28/2023 6:50:07 PM +00:00 Server Time: 1674931807 Cycle: 0
<2023-01-28 13:50:18,021> :LoginManager: [INFO] Local Time: 1/28/2023 6:50:18 PM +00:00 Server Time: 1674931818 Cycle: 0
<2023-01-28 13:50:29,025> :LoginManager: [INFO] Local Time: 1/28/2023 6:50:29 PM +00:00 Server Time: 1674931829 Cycle: 0
<2023-01-28 13:50:31,956> :SOEConnectionManager: [INFO] Disconnecting client on 10.0.0.199 (ID: 0) for reason: Application
<2023-01-28 13:50:31,959> :LoginManager: [DEBUG] Attempting to dispose of "Groax "
<2023-01-28 13:51:05,163> :SOEConnectionManager: [INFO] New client connection from 108.28.48.15, (ID: 0)
<2023-01-28 13:51:05,220> :LoginManager: [INFO] Login Request from 108.28.48.15: - Ticket: Eden - GUID: 3
<2023-01-28 13:51:15,072> :LoginManager: [INFO] Local Time: 1/28/2023 6:51:15 PM +00:00 Server Time: 1674931877 Cycle: 0
<2023-01-28 13:51:18,644> :SOEConnectionManager: [INFO] New client connection from 10.0.0.199, (ID: 1)
<2023-01-28 13:51:18,667> :LoginManager: [INFO] Login Request from 10.0.0.199: - Ticket: Groaxy - GUID: 4
<2023-01-28 13:51:26,070> :LoginManager: [INFO] Local Time: 1/28/2023 6:51:26 PM +00:00 Server Time: 1674931888 Cycle: 0
<2023-01-28 13:51:26,314> :LoginManager: [DEBUG] Attempting to spawn "Eden " (#0) for Client #1
<2023-01-28 13:51:26,315> :LoginManager: [DEBUG] Attempting to spawn "Groaxy " (#1) for Client #0
<2023-01-28 13:51:29,277> :LoginManager: [INFO] Local Time: 1/28/2023 6:51:29 PM +00:00 Server Time: 1674931889 Cycle: 0
<2023-01-28 13:51:37,068> :LoginManager: [INFO] Local Time: 1/28/2023 6:51:37 PM +00:00 Server Time: 1674931899 Cycle: 0
<2023-01-28 13:51:40,018> :LoginManager: [INFO] Local Time: 1/28/2023 6:51:40 PM +00:00 Server Time: 1674931900 Cycle: 0
<2023-01-28 13:51:48,069> :LoginManager: [INFO] Local Time: 1/28/2023 6:51:48 PM +00:00 Server Time: 1674931910 Cycle: 0
<2023-01-28 13:51:51,022> :LoginManager: [INFO] Local Time: 1/28/2023 6:51:51 PM +00:00 Server Time: 1674931911 Cycle: 0
<2023-01-28 13:51:59,071> :LoginManager: [INFO] Local Time: 1/28/2023 6:51:59 PM +00:00 Server Time: 1674931921 Cycle: 0
<2023-01-28 13:52:02,020> :LoginManager: [INFO] Local Time: 1/28/2023 6:52:02 PM +00:00 Server Time: 1674931922 Cycle: 0
<2023-01-28 13:52:10,069> :LoginManager: [INFO] Local Time: 1/28/2023 6:52:10 PM +00:00 Server Time: 1674931932 Cycle: 0
<2023-01-28 13:52:13,021> :LoginManager: [INFO] Local Time: 1/28/2023 6:52:13 PM +00:00 Server Time: 1674931933 Cycle: 0
<2023-01-28 13:52:21,070> :LoginManager: [INFO] Local Time: 1/28/2023 6:52:21 PM +00:00 Server Time: 1674931943 Cycle: 0
<2023-01-28 13:52:24,018> :LoginManager: [INFO] Local Time: 1/28/2023 6:52:24 PM +00:00 Server Time: 1674931944 Cycle: 0
<2023-01-28 13:52:32,072> :LoginManager: [INFO] Local Time: 1/28/2023 6:52:32 PM +00:00 Server Time: 1674931954 Cycle: 0
<2023-01-28 13:52:35,018> :LoginManager: [INFO] Local Time: 1/28/2023 6:52:35 PM +00:00 Server Time: 1674931955 Cycle: 0
<2023-01-28 13:52:43,063> :LoginManager: [INFO] Local Time: 1/28/2023 6:52:43 PM +00:00 Server Time: 1674931965 Cycle: 0
<2023-01-28 13:52:46,048> :LoginManager: [INFO] Local Time: 1/28/2023 6:52:46 PM +00:00 Server Time: 1674931966 Cycle: 0
<2023-01-28 13:52:54,067> :LoginManager: [INFO] Local Time: 1/28/2023 6:52:54 PM +00:00 Server Time: 1674931976 Cycle: 0
<2023-01-28 13:52:57,017> :LoginManager: [INFO] Local Time: 1/28/2023 6:52:57 PM +00:00 Server Time: 1674931977 Cycle: 0
<2023-01-28 13:52:58,060> :SOEDataChannel: [INFO] Line 97, OpCode: 13, Sequence number: 448, LastReceivedSequenceNumber: 446
<2023-01-28 13:53:05,066> :LoginManager: [INFO] Local Time: 1/28/2023 6:53:05 PM +00:00 Server Time: 1674931987 Cycle: 0
<2023-01-28 13:53:08,019> :LoginManager: [INFO] Local Time: 1/28/2023 6:53:08 PM +00:00 Server Time: 1674931988 Cycle: 0
<2023-01-28 13:53:16,062> :SOEDataChannel: [INFO] Line 97, OpCode: 13, Sequence number: 604, LastReceivedSequenceNumber: 24
<2023-01-28 13:53:16,062> :SOEDataChannel: [INFO] Line 97, OpCode: 13, Sequence number: 0, LastReceivedSequenceNumber: 24
<2023-01-28 13:53:16,067> :LoginManager: [INFO] Local Time: 1/28/2023 6:53:16 PM +00:00 Server Time: 1674931998 Cycle: 0
<2023-01-28 13:53:20,182> :LoginManager: [INFO] Local Time: 1/28/2023 6:53:20 PM +00:00 Server Time: 1674931999 Cycle: 0
<2023-01-28 13:53:22,057> :SOEDataChannel: [INFO] Line 97, OpCode: 13, Sequence number: 712, LastReceivedSequenceNumber: 710
<2023-01-28 13:53:22,057> :SOEDataChannel: [INFO] Line 97, OpCode: 13, Sequence number: 713, LastReceivedSequenceNumber: 710
<2023-01-28 13:53:27,063> :LoginManager: [INFO] Local Time: 1/28/2023 6:53:27 PM +00:00 Server Time: 1674932009 Cycle: 0
<2023-01-28 13:53:31,016> :LoginManager: [INFO] Local Time: 1/28/2023 6:53:31 PM +00:00 Server Time: 1674932011 Cycle: 0
<2023-01-28 13:53:34,056> :SOEDataChannel: [INFO] Line 97, OpCode: 13, Sequence number: 900, LastReceivedSequenceNumber: 898
<2023-01-28 13:53:34,057> :SOEDataChannel: [INFO] Line 97, OpCode: 13, Sequence number: 901, LastReceivedSequenceNumber: 898
<2023-01-28 13:53:38,065> :LoginManager: [INFO] Local Time: 1/28/2023 6:53:38 PM +00:00 Server Time: 1674932020 Cycle: 0
<2023-01-28 13:53:40,062> :SOEDataChannel: [INFO] Line 97, OpCode: 13, Sequence number: 997, LastReceivedSequenceNumber: 995
<2023-01-28 13:53:40,064> :SOEDataChannel: [INFO] Line 97, OpCode: 13, Sequence number: 998, LastReceivedSequenceNumber: 995
<2023-01-28 13:53:42,018> :LoginManager: [INFO] Local Time: 1/28/2023 6:53:42 PM +00:00 Server Time: 1674932022 Cycle: 0
<2023-01-28 13:53:49,066> :LoginManager: [INFO] Local Time: 1/28/2023 6:53:49 PM +00:00 Server Time: 1674932031 Cycle: 0
<2023-01-28 13:53:53,028> :LoginManager: [INFO] Local Time: 1/28/2023 6:53:53 PM +00:00 Server Time: 1674932033 Cycle: 0
<2023-01-28 13:54:00,067> :LoginManager: [INFO] Local Time: 1/28/2023 6:54:00 PM +00:00 Server Time: 1674932042 Cycle: 0
<2023-01-28 13:54:04,018> :LoginManager: [INFO] Local Time: 1/28/2023 6:54:04 PM +00:00 Server Time: 1674932044 Cycle: 0
<2023-01-28 13:54:11,067> :LoginManager: [INFO] Local Time: 1/28/2023 6:54:11 PM +00:00 Server Time: 1674932053 Cycle: 0
<2023-01-28 13:54:15,835> :LoginManager: [INFO] Local Time: 1/28/2023 6:54:15 PM +00:00 Server Time: 1674932055 Cycle: 0
<2023-01-28 13:54:22,063> :LoginManager: [INFO] Local Time: 1/28/2023 6:54:22 PM +00:00 Server Time: 1674932064 Cycle: 0
<2023-01-28 13:54:26,020> :LoginManager: [INFO] Local Time: 1/28/2023 6:54:26 PM +00:00 Server Time: 1674932066 Cycle: 0
<2023-01-28 13:54:33,066> :LoginManager: [INFO] Local Time: 1/28/2023 6:54:33 PM +00:00 Server Time: 1674932075 Cycle: 0
<2023-01-28 13:54:34,059> :SOEDataChannel: [INFO] Line 97, OpCode: 13, Sequence number: 1500, LastReceivedSequenceNumber: 1498
<2023-01-28 13:54:34,060> :SOEDataChannel: [INFO] Line 97, OpCode: 13, Sequence number: 1501, LastReceivedSequenceNumber: 1498
<2023-01-28 13:54:37,019> :LoginManager: [INFO] Local Time: 1/28/2023 6:54:37 PM +00:00 Server Time: 1674932077 Cycle: 0
<2023-01-28 13:54:40,055> :SOEDataChannel: [INFO] Line 97, OpCode: 13, Sequence number: 1534, LastReceivedSequenceNumber: 1532
<2023-01-28 13:54:40,056> :SOEDataChannel: [INFO] Line 97, OpCode: 13, Sequence number: 1535, LastReceivedSequenceNumber: 1532
<2023-01-28 13:54:44,071> :LoginManager: [INFO] Local Time: 1/28/2023 6:54:44 PM +00:00 Server Time: 1674932086 Cycle: 0
<2023-01-28 13:54:48,023> :LoginManager: [INFO] Local Time: 1/28/2023 6:54:48 PM +00:00 Server Time: 1674932088 Cycle: 0
<2023-01-28 13:54:55,063> :LoginManager: [INFO] Local Time: 1/28/2023 6:54:55 PM +00:00 Server Time: 1674932097 Cycle: 0
<2023-01-28 13:54:59,018> :LoginManager: [INFO] Local Time: 1/28/2023 6:54:59 PM +00:00 Server Time: 1674932099 Cycle: 0
<2023-01-28 13:55:06,120> :LoginManager: [INFO] Local Time: 1/28/2023 6:55:06 PM +00:00 Server Time: 1674932108 Cycle: 0
<2023-01-28 13:55:10,020> :LoginManager: [INFO] Local Time: 1/28/2023 6:55:10 PM +00:00 Server Time: 1674932110 Cycle: 0
<2023-01-28 13:55:17,068> :LoginManager: [INFO] Local Time: 1/28/2023 6:55:17 PM +00:00 Server Time: 1674932119 Cycle: 0
<2023-01-28 13:55:21,021> :LoginManager: [INFO] Local Time: 1/28/2023 6:55:21 PM +00:00 Server Time: 1674932121 Cycle: 0
<2023-01-28 13:55:22,061> :SOEDataChannel: [INFO] Line 97, OpCode: 13, Sequence number: 1682, LastReceivedSequenceNumber: 1680
<2023-01-28 13:55:22,061> :SOEDataChannel: [INFO] Line 97, OpCode: 13, Sequence number: 1683, LastReceivedSequenceNumber: 1680
<2023-01-28 13:55:22,062> :SOEDataChannel: [INFO] Line 97, OpCode: 13, Sequence number: 1684, LastReceivedSequenceNumber: 1680
<2023-01-28 13:55:28,060> :SOEDataChannel: [INFO] Line 97, OpCode: 13, Sequence number: 1721, LastReceivedSequenceNumber: 1719
<2023-01-28 13:55:28,062> :SOEDataChannel: [INFO] Line 97, OpCode: 13, Sequence number: 1722, LastReceivedSequenceNumber: 1719
<2023-01-28 13:55:28,062> :SOEDataChannel: [INFO] Line 97, OpCode: 13, Sequence number: 0, LastReceivedSequenceNumber: 1719
<2023-01-28 13:55:28,065> :LoginManager: [INFO] Local Time: 1/28/2023 6:55:28 PM +00:00 Server Time: 1674932130 Cycle: 0
<2023-01-28 13:55:32,020> :LoginManager: [INFO] Local Time: 1/28/2023 6:55:32 PM +00:00 Server Time: 1674932132 Cycle: 0
<2023-01-28 13:55:39,071> :LoginManager: [INFO] Local Time: 1/28/2023 6:55:39 PM +00:00 Server Time: 1674932141 Cycle: 0
<2023-01-28 13:55:43,829> :LoginManager: [INFO] Local Time: 1/28/2023 6:55:43 PM +00:00 Server Time: 1674932143 Cycle: 0
<2023-01-28 13:55:49,064> :SOEDataChannel: [INFO] Line 97, OpCode: 13, Sequence number: 1844, LastReceivedSequenceNumber: 1842
<2023-01-28 13:55:49,064> :SOEDataChannel: [INFO] Line 97, OpCode: 13, Sequence number: 1845, LastReceivedSequenceNumber: 1842
<2023-01-28 13:55:50,065> :LoginManager: [INFO] Local Time: 1/28/2023 6:55:50 PM +00:00 Server Time: 1674932152 Cycle: 0
<2023-01-28 13:55:54,018> :LoginManager: [INFO] Local Time: 1/28/2023 6:55:54 PM +00:00 Server Time: 1674932154 Cycle: 0
<2023-01-28 13:55:55,060> :SOEDataChannel: [INFO] Line 97, OpCode: 13, Sequence number: 1885, LastReceivedSequenceNumber: 1883
<2023-01-28 13:55:55,061> :SOEDataChannel: [INFO] Line 97, OpCode: 13, Sequence number: 1886, LastReceivedSequenceNumber: 1883
<2023-01-28 13:55:55,062> :SOEDataChannel: [INFO] Line 97, OpCode: 13, Sequence number: 1887, LastReceivedSequenceNumber: 1883
<2023-01-28 13:56:01,061> :SOEDataChannel: [INFO] Line 97, OpCode: 13, Sequence number: 1948, LastReceivedSequenceNumber: 1946
<2023-01-28 13:56:01,062> :SOEDataChannel: [INFO] Line 97, OpCode: 13, Sequence number: 1949, LastReceivedSequenceNumber: 1946
<2023-01-28 13:56:01,062> :SOEDataChannel: [INFO] Line 97, OpCode: 13, Sequence number: 0, LastReceivedSequenceNumber: 1946
<2023-01-28 13:56:01,067> :LoginManager: [INFO] Local Time: 1/28/2023 6:56:01 PM +00:00 Server Time: 1674932163 Cycle: 0
<2023-01-28 13:56:05,025> :LoginManager: [INFO] Local Time: 1/28/2023 6:56:05 PM +00:00 Server Time: 1674932165 Cycle: 0
<2023-01-28 13:56:07,060> :SOEDataChannel: [INFO] Line 97, OpCode: 13, Sequence number: 1999, LastReceivedSequenceNumber: 1997
<2023-01-28 13:56:07,060> :SOEDataChannel: [INFO] Line 97, OpCode: 13, Sequence number: 2000, LastReceivedSequenceNumber: 1997
<2023-01-28 13:56:12,061> :LoginManager: [INFO] Local Time: 1/28/2023 6:56:12 PM +00:00 Server Time: 1674932174 Cycle: 0
<2023-01-28 13:56:16,216> :LoginManager: [INFO] Local Time: 1/28/2023 6:56:16 PM +00:00 Server Time: 1674932176 Cycle: 0
<2023-01-28 13:56:23,061> :LoginManager: [INFO] Local Time: 1/28/2023 6:56:23 PM +00:00 Server Time: 1674932185 Cycle: 0
<2023-01-28 13:56:27,017> :LoginManager: [INFO] Local Time: 1/28/2023 6:56:27 PM +00:00 Server Time: 1674932187 Cycle: 0
<2023-01-28 13:56:34,064> :LoginManager: [INFO] Local Time: 1/28/2023 6:56:34 PM +00:00 Server Time: 1674932196 Cycle: 0
<2023-01-28 13:56:38,017> :LoginManager: [INFO] Local Time: 1/28/2023 6:56:38 PM +00:00 Server Time: 1674932198 Cycle: 0
<2023-01-28 13:56:43,059> :SOEDataChannel: [INFO] Line 97, OpCode: 13, Sequence number: 2271, LastReceivedSequenceNumber: 2269
<2023-01-28 13:56:43,059> :SOEDataChannel: [INFO] Line 97, OpCode: 13, Sequence number: 2272, LastReceivedSequenceNumber: 2269
<2023-01-28 13:56:43,060> :SOEDataChannel: [INFO] Line 97, OpCode: 13, Sequence number: 2273, LastReceivedSequenceNumber: 2269
<2023-01-28 13:56:45,062> :LoginManager: [INFO] Local Time: 1/28/2023 6:56:45 PM +00:00 Server Time: 1674932207 Cycle: 0
<2023-01-28 13:56:49,023> :LoginManager: [INFO] Local Time: 1/28/2023 6:56:49 PM +00:00 Server Time: 1674932209 Cycle: 0
<2023-01-28 13:56:49,057> :SOEDataChannel: [INFO] Line 97, OpCode: 13, Sequence number: 2309, LastReceivedSequenceNumber: 2307
<2023-01-28 13:56:49,057> :SOEDataChannel: [INFO] Line 97, OpCode: 13, Sequence number: 2310, LastReceivedSequenceNumber: 2307
<2023-01-28 13:56:55,017> :SOEDataChannel: [INFO] Line 97, OpCode: 13, Sequence number: 936, LastReceivedSequenceNumber: 934
<2023-01-28 13:56:55,017> :SOEDataChannel: [INFO] Line 97, OpCode: 13, Sequence number: 937, LastReceivedSequenceNumber: 934
<2023-01-28 13:56:55,052> :SOEDataChannel: [INFO] Line 97, OpCode: 13, Sequence number: 2359, LastReceivedSequenceNumber: 2357
<2023-01-28 13:56:55,053> :SOEDataChannel: [INFO] Line 97, OpCode: 13, Sequence number: 2360, LastReceivedSequenceNumber: 2357
<2023-01-28 13:56:56,060> :LoginManager: [INFO] Local Time: 1/28/2023 6:56:56 PM +00:00 Server Time: 1674932218 Cycle: 0
<2023-01-28 13:57:00,020> :LoginManager: [INFO] Local Time: 1/28/2023 6:57:00 PM +00:00 Server Time: 1674932220 Cycle: 0
<2023-01-28 13:57:01,008> :SOEDataChannel: [INFO] Line 97, OpCode: 13, Sequence number: 986, LastReceivedSequenceNumber: 984
<2023-01-28 13:57:01,008> :SOEDataChannel: [INFO] Line 97, OpCode: 13, Sequence number: 987, LastReceivedSequenceNumber: 984
<2023-01-28 13:57:01,009> :SOEDataChannel: [INFO] Line 97, OpCode: 13, Sequence number: 988, LastReceivedSequenceNumber: 984
<2023-01-28 13:57:01,053> :SOEDataChannel: [INFO] Line 97, OpCode: 13, Sequence number: 2401, LastReceivedSequenceNumber: 2399
<2023-01-28 13:57:01,053> :SOEDataChannel: [INFO] Line 97, OpCode: 13, Sequence number: 2402, LastReceivedSequenceNumber: 2399
<2023-01-28 13:57:07,050> :SOEDataChannel: [INFO] Line 97, OpCode: 13, Sequence number: 2444, LastReceivedSequenceNumber: 2442
<2023-01-28 13:57:07,050> :SOEDataChannel: [INFO] Line 97, OpCode: 13, Sequence number: 0, LastReceivedSequenceNumber: 2442
<2023-01-28 13:57:07,057> :LoginManager: [INFO] Local Time: 1/28/2023 6:57:07 PM +00:00 Server Time: 1674932229 Cycle: 0
<2023-01-28 13:57:18,061> :LoginManager: [INFO] Local Time: 1/28/2023 6:57:18 PM +00:00 Server Time: 1674932240 Cycle: 0
<2023-01-28 13:57:22,022> :LoginManager: [INFO] Local Time: 1/28/2023 6:57:22 PM +00:00 Server Time: 1674932242 Cycle: 0
<2023-01-28 13:57:25,047> :SOEDataChannel: [INFO] Line 97, OpCode: 13, Sequence number: 2563, LastReceivedSequenceNumber: 2561
<2023-01-28 13:57:25,048> :SOEDataChannel: [INFO] Line 97, OpCode: 13, Sequence number: 2564, LastReceivedSequenceNumber: 2561
<2023-01-28 13:57:29,064> :LoginManager: [INFO] Local Time: 1/28/2023 6:57:29 PM +00:00 Server Time: 1674932251 Cycle: 0
<2023-01-28 13:57:33,019> :LoginManager: [INFO] Local Time: 1/28/2023 6:57:33 PM +00:00 Server Time: 1674932253 Cycle: 0
<2023-01-28 13:57:40,054> :LoginManager: [INFO] Local Time: 1/28/2023 6:57:40 PM +00:00 Server Time: 1674932262 Cycle: 0
<2023-01-28 13:57:44,022> :LoginManager: [INFO] Local Time: 1/28/2023 6:57:44 PM +00:00 Server Time: 1674932264 Cycle: 0
<2023-01-28 13:57:49,054> :SOEDataChannel: [INFO] Line 97, OpCode: 13, Sequence number: 2644, LastReceivedSequenceNumber: 2642
<2023-01-28 13:57:49,055> :SOEDataChannel: [INFO] Line 97, OpCode: 13, Sequence number: 2645, LastReceivedSequenceNumber: 2642
<2023-01-28 13:57:49,056> :SOEDataChannel: [INFO] Line 97, OpCode: 13, Sequence number: 2646, LastReceivedSequenceNumber: 2642
<2023-01-28 13:57:51,066> :LoginManager: [INFO] Local Time: 1/28/2023 6:57:51 PM +00:00 Server Time: 1674932273 Cycle: 0
<2023-01-28 13:57:55,020> :LoginManager: [INFO] Local Time: 1/28/2023 6:57:55 PM +00:00 Server Time: 1674932275 Cycle: 0
<2023-01-28 13:57:55,059> :SOEDataChannel: [INFO] Line 97, OpCode: 13, Sequence number: 2693, LastReceivedSequenceNumber: 2691
<2023-01-28 13:57:55,059> :SOEDataChannel: [INFO] Line 97, OpCode: 13, Sequence number: 2694, LastReceivedSequenceNumber: 2691
<2023-01-28 13:57:55,060> :SOEDataChannel: [INFO] Line 97, OpCode: 13, Sequence number: 2695, LastReceivedSequenceNumber: 2691
<2023-01-28 13:58:01,056> :SOEDataChannel: [INFO] Line 97, OpCode: 13, Sequence number: 2732, LastReceivedSequenceNumber: 2730
<2023-01-28 13:58:01,057> :SOEDataChannel: [INFO] Line 97, OpCode: 13, Sequence number: 2733, LastReceivedSequenceNumber: 2730
<2023-01-28 13:58:01,057> :SOEDataChannel: [INFO] Line 97, OpCode: 13, Sequence number: 2734, LastReceivedSequenceNumber: 2730
<2023-01-28 13:58:02,058> :LoginManager: [INFO] Local Time: 1/28/2023 6:58:02 PM +00:00 Server Time: 1674932284 Cycle: 0
<2023-01-28 13:58:06,021> :LoginManager: [INFO] Local Time: 1/28/2023 6:58:06 PM +00:00 Server Time: 1674932286 Cycle: 0
<2023-01-28 13:58:07,056> :SOEDataChannel: [INFO] Line 97, OpCode: 13, Sequence number: 2773, LastReceivedSequenceNumber: 2771
<2023-01-28 13:58:07,057> :SOEDataChannel: [INFO] Line 97, OpCode: 13, Sequence number: 2774, LastReceivedSequenceNumber: 2771
<2023-01-28 13:58:07,058> :SOEDataChannel: [INFO] Line 97, OpCode: 13, Sequence number: 2775, LastReceivedSequenceNumber: 2771
<2023-01-28 13:58:13,060> :SOEDataChannel: [INFO] Line 97, OpCode: 13, Sequence number: 2814, LastReceivedSequenceNumber: 2812
<2023-01-28 13:58:13,061> :SOEDataChannel: [INFO] Line 97, OpCode: 13, Sequence number: 0, LastReceivedSequenceNumber: 2812
<2023-01-28 13:58:13,067> :LoginManager: [INFO] Local Time: 1/28/2023 6:58:13 PM +00:00 Server Time: 1674932295 Cycle: 0
<2023-01-28 13:58:17,025> :LoginManager: [INFO] Local Time: 1/28/2023 6:58:17 PM +00:00 Server Time: 1674932297 Cycle: 0
<2023-01-28 13:58:24,066> :LoginManager: [INFO] Local Time: 1/28/2023 6:58:24 PM +00:00 Server Time: 1674932306 Cycle: 0
<2023-01-28 13:58:28,022> :LoginManager: [INFO] Local Time: 1/28/2023 6:58:28 PM +00:00 Server Time: 1674932308 Cycle: 0
<2023-01-28 13:58:35,064> :LoginManager: [INFO] Local Time: 1/28/2023 6:58:35 PM +00:00 Server Time: 1674932317 Cycle: 0
<2023-01-28 13:58:39,311> :LoginManager: [INFO] Local Time: 1/28/2023 6:58:39 PM +00:00 Server Time: 1674932319 Cycle: 0
<2023-01-28 13:58:46,055> :LoginManager: [INFO] Local Time: 1/28/2023 6:58:46 PM +00:00 Server Time: 1674932328 Cycle: 0
<2023-01-28 13:58:50,016> :LoginManager: [INFO] Local Time: 1/28/2023 6:58:50 PM +00:00 Server Time: 1674932330 Cycle: 0
<2023-01-28 13:58:57,057> :LoginManager: [INFO] Local Time: 1/28/2023 6:58:57 PM +00:00 Server Time: 1674932339 Cycle: 0
<2023-01-28 13:59:01,024> :LoginManager: [INFO] Local Time: 1/28/2023 6:59:01 PM +00:00 Server Time: 1674932341 Cycle: 0
<2023-01-28 13:59:12,021> :LoginManager: [INFO] Local Time: 1/28/2023 6:59:12 PM +00:00 Server Time: 1674932352 Cycle: 0
<2023-01-28 13:59:19,052> :SOEDataChannel: [INFO] Line 97, OpCode: 13, Sequence number: 3338, LastReceivedSequenceNumber: 3336
<2023-01-28 13:59:19,052> :SOEDataChannel: [INFO] Line 97, OpCode: 13, Sequence number: 0, LastReceivedSequenceNumber: 3336
<2023-01-28 13:59:19,055> :LoginManager: [INFO] Local Time: 1/28/2023 6:59:19 PM +00:00 Server Time: 1674932361 Cycle: 0
<2023-01-28 13:59:23,013> :LoginManager: [INFO] Local Time: 1/28/2023 6:59:23 PM +00:00 Server Time: 1674932363 Cycle: 0
